C:\USERS\ADMINISTRATOR\DOCUMENTS\VISUAL STUDIO 2012\PROJECTS\CHESS\CHESS\DEBUG\CHESS.PCH
C:\USERS\ADMINISTRATOR\DOCUMENTS\VISUAL STUDIO 2012\PROJECTS\CHESS\CHESS\DEBUG\STDAFX.OBJ
C:\USERS\ADMINISTRATOR\DOCUMENTS\VISUAL STUDIO 2012\PROJECTS\CHESS\CHESS\DEBUG\VC110.PDB
C:\USERS\ADMINISTRATOR\DOCUMENTS\VISUAL STUDIO 2012\PROJECTS\CHESS\CHESS\DEBUG\BOARD.OBJ
C:\USERS\ADMINISTRATOR\DOCUMENTS\VISUAL STUDIO 2012\PROJECTS\CHESS\CHESS\DEBUG\CHESS.OBJ
C:\USERS\ADMINISTRATOR\DOCUMENTS\VISUAL STUDIO 2012\PROJECTS\CHESS\CHESS\DEBUG\CHESSDLG.OBJ
C:\USERS\ADMINISTRATOR\DOCUMENTS\VISUAL STUDIO 2012\PROJECTS\CHESS\CHESS\DEBUG\EVALUATE.OBJ
C:\USERS\ADMINISTRATOR\DOCUMENTS\VISUAL STUDIO 2012\PROJECTS\CHESS\CHESS\DEBUG\SEARCH.OBJ
C:\USERS\ADMINISTRATOR\DOCUMENTS\VISUAL STUDIO 2012\PROJECTS\CHESS\CHESS\DEBUG\GENMOVES.OBJ
C:\USERS\ADMINISTRATOR\DOCUMENTS\VISUAL STUDIO 2012\PROJECTS\CHESS\DEBUG\CHESS.ILK
C:\USERS\ADMINISTRATOR\DOCUMENTS\VISUAL STUDIO 2012\PROJECTS\CHESS\DEBUG\CHESS.EXE
C:\USERS\ADMINISTRATOR\DOCUMENTS\VISUAL STUDIO 2012\PROJECTS\CHESS\DEBUG\CHESS.PDB
C:\USERS\ADMINISTRATOR\DOCUMENTS\VISUAL STUDIO 2012\PROJECTS\CHESS\CHESS\DEBUG\CHESS.RES
C:\Users\Administrator\Documents\Visual Studio 2012\Projects\Chess\Chess\Debug\Board.obj
C:\Users\Administrator\Documents\Visual Studio 2012\Projects\Chess\Chess\Debug\Chess.obj
C:\Users\Administrator\Documents\Visual Studio 2012\Projects\Chess\Chess\Debug\ChessDlg.obj
C:\Users\Administrator\Documents\Visual Studio 2012\Projects\Chess\Chess\Debug\evaluate.obj
C:\Users\Administrator\Documents\Visual Studio 2012\Projects\Chess\Chess\Debug\genmoves.obj
C:\Users\Administrator\Documents\Visual Studio 2012\Projects\Chess\Chess\Debug\search.obj
C:\Users\Administrator\Documents\Visual Studio 2012\Projects\Chess\Chess\Debug\stdafx.obj
C:\Users\Administrator\Documents\Visual Studio 2012\Projects\Chess\Chess\Debug\cl.command.1.tlog
C:\Users\Administrator\Documents\Visual Studio 2012\Projects\Chess\Chess\Debug\CL.read.1.tlog
C:\Users\Administrator\Documents\Visual Studio 2012\Projects\Chess\Chess\Debug\CL.write.1.tlog
C:\Users\Administrator\Documents\Visual Studio 2012\Projects\Chess\Chess\Debug\link-cvtres.read.1.tlog
C:\Users\Administrator\Documents\Visual Studio 2012\Projects\Chess\Chess\Debug\link-cvtres.write.1.tlog
C:\Users\Administrator\Documents\Visual Studio 2012\Projects\Chess\Chess\Debug\link-mt.read.1.tlog
C:\Users\Administrator\Documents\Visual Studio 2012\Projects\Chess\Chess\Debug\link-mt.write.1.tlog
C:\Users\Administrator\Documents\Visual Studio 2012\Projects\Chess\Chess\Debug\link-rc.read.1.tlog
C:\Users\Administrator\Documents\Visual Studio 2012\Projects\Chess\Chess\Debug\link-rc.write.1.tlog
C:\Users\Administrator\Documents\Visual Studio 2012\Projects\Chess\Chess\Debug\link.5508-cvtres.read.1.tlog
C:\Users\Administrator\Documents\Visual Studio 2012\Projects\Chess\Chess\Debug\link.5508-cvtres.write.1.tlog
C:\Users\Administrator\Documents\Visual Studio 2012\Projects\Chess\Chess\Debug\link.5508-mt.read.1.tlog
C:\Users\Administrator\Documents\Visual Studio 2012\Projects\Chess\Chess\Debug\link.5508-mt.write.1.tlog
C:\Users\Administrator\Documents\Visual Studio 2012\Projects\Chess\Chess\Debug\link.5508-rc.read.1.tlog
C:\Users\Administrator\Documents\Visual Studio 2012\Projects\Chess\Chess\Debug\link.5508-rc.write.1.tlog
C:\Users\Administrator\Documents\Visual Studio 2012\Projects\Chess\Chess\Debug\link.5508.read.1.tlog
C:\Users\Administrator\Documents\Visual Studio 2012\Projects\Chess\Chess\Debug\link.5508.write.1.tlog
C:\Users\Administrator\Documents\Visual Studio 2012\Projects\Chess\Chess\Debug\link.command.1.tlog
C:\Users\Administrator\Documents\Visual Studio 2012\Projects\Chess\Chess\Debug\link.read.1.tlog
C:\Users\Administrator\Documents\Visual Studio 2012\Projects\Chess\Chess\Debug\link.write.1.tlog
C:\Users\Administrator\Documents\Visual Studio 2012\Projects\Chess\Chess\Debug\rc.command.1.tlog
C:\Users\Administrator\Documents\Visual Studio 2012\Projects\Chess\Chess\Debug\rc.read.1.tlog
C:\Users\Administrator\Documents\Visual Studio 2012\Projects\Chess\Chess\Debug\rc.write.1.tlog
C:\Users\Administrator\Documents\Visual Studio 2012\Projects\Chess\Chess\Debug\Chess.res
C:\Users\Administrator\Documents\Visual Studio 2012\Projects\Chess\Chess\Debug\Chess.pch
C:\Users\Administrator\Documents\Visual Studio 2012\Projects\Chess\Chess\Debug\vc110.idb
C:\Users\Administrator\Documents\Visual Studio 2012\Projects\Chess\Chess\Debug\vc110.pdb
C:\Users\Administrator\Documents\Visual Studio 2012\Projects\Chess\Debug\Chess.pdb
C:\Users\Administrator\Documents\Visual Studio 2012\Projects\Chess\Debug\Chess.exe
C:\Users\Administrator\Documents\Visual Studio 2012\Projects\Chess\Debug\Chess.ilk
